# JRE version: OpenJDK Runtime Environment (8.0_212-b04) (build 1.8.0_212-release-1586-b04)
# Java VM: OpenJDK Server VM (25.212-b04 mixed mode windows-x86 )
Heap:
 PSYoungGen      total 280320K, used 103618K [0x3bac0000, 0x51000000, 0x51000000)
  eden space 243968K, 27% used [0x3bac0000,0x3fc8aab0,0x4a900000)
  from space 36352K, 99% used [0x4a900000,0x4cc65f70,0x4cc80000)
  to   space 54784K, 0% used [0x4da80000,0x4da80000,0x51000000)
 ParOldGen       total 251904K, used 172664K [0x11000000, 0x20600000, 0x3bac0000)
  object space 251904K, 68% used [0x11000000,0x1b89e388,0x20600000)
 Metaspace       used 61793K, capacity 63666K, committed 63744K, reserved 63872K
GC Heap History (10 events):
Event: 273.474 GC heap before
{Heap before GC invocations=55 (full 5):
 PSYoungGen      total 328960K, used 328093K [0x3bac0000, 0x51000000, 0x51000000)
  eden space 311040K, 100% used [0x3bac0000,0x4ea80000,0x4ea80000)
  from space 17920K, 95% used [0x4ea80000,0x4fb27538,0x4fc00000)
  to   space 20480K, 0% used [0x4fc00000,0x4fc00000,0x51000000)
 ParOldGen       total 144896K, used 76367K [0x11000000, 0x19d80000, 0x3bac0000)
  object space 144896K, 52% used [0x11000000,0x15a93c78,0x19d80000)
 Metaspace       used 60524K, capacity 62320K, committed 62336K, reserved 62848K
Event: 273.694 GC heap after
Heap after GC invocations=55 (full 5):
 PSYoungGen      total 265984K, used 20474K [0x3bac0000, 0x51000000, 0x51000000)
  eden space 245504K, 0% used [0x3bac0000,0x3bac0000,0x4aa80000)
  from space 20480K, 99% used [0x4fc00000,0x50ffe8a0,0x51000000)
  to   space 51968K, 0% used [0x4aa80000,0x4aa80000,0x4dd40000)
 ParOldGen       total 152576K, used 152454K [0x11000000, 0x1a500000, 0x3bac0000)
  object space 152576K, 99% used [0x11000000,0x1a4e1828,0x1a500000)
 Metaspace       used 60524K, capacity 62320K, committed 62336K, reserved 62848K
}
Event: 273.694 GC heap before
{Heap before GC invocations=56 (full 6):
 PSYoungGen      total 265984K, used 20474K [0x3bac0000, 0x51000000, 0x51000000)
  eden space 245504K, 0% used [0x3bac0000,0x3bac0000,0x4aa80000)
  from space 20480K, 99% used [0x4fc00000,0x50ffe8a0,0x51000000)
  to   space 51968K, 0% used [0x4aa80000,0x4aa80000,0x4dd40000)
 ParOldGen       total 152576K, used 152454K [0x11000000, 0x1a500000, 0x3bac0000)
  object space 152576K, 99% used [0x11000000,0x1a4e1828,0x1a500000)
 Metaspace       used 60524K, capacity 62320K, committed 62336K, reserved 62848K
Event: 274.434 GC heap after
Heap after GC invocations=56 (full 6):
 PSYoungGen      total 265984K, used 0K [0x3bac0000, 0x51000000, 0x51000000)
  eden space 245504K, 0% used [0x3bac0000,0x3bac0000,0x4aa80000)
  from space 20480K, 0% used [0x4fc00000,0x4fc00000,0x51000000)
  to   space 51968K, 0% used [0x4aa80000,0x4aa80000,0x4dd40000)
 ParOldGen       total 251904K, used 146005K [0x11000000, 0x20600000, 0x3bac0000)
  object space 251904K, 57% used [0x11000000,0x19e95588,0x20600000)
 Metaspace       used 60509K, capacity 62284K, committed 62336K, reserved 62848K
}
Event: 276.465 GC heap before
{Heap before GC invocations=57 (full 6):
 PSYoungGen      total 265984K, used 245504K [0x3bac0000, 0x51000000, 0x51000000)
  eden space 245504K, 100% used [0x3bac0000,0x4aa80000,0x4aa80000)
  from space 20480K, 0% used [0x4fc00000,0x4fc00000,0x51000000)
  to   space 51968K, 0% used [0x4aa80000,0x4aa80000,0x4dd40000)
 ParOldGen       total 251904K, used 146005K [0x11000000, 0x20600000, 0x3bac0000)
  object space 251904K, 57% used [0x11000000,0x19e95588,0x20600000)
 Metaspace       used 60649K, capacity 62412K, committed 62464K, reserved 62848K
Event: 276.525 GC heap after
Heap after GC invocations=57 (full 6):
 PSYoungGen      total 278272K, used 32613K [0x3bac0000, 0x51000000, 0x51000000)
  eden space 245504K, 0% used [0x3bac0000,0x3bac0000,0x4aa80000)
  from space 32768K, 99% used [0x4aa80000,0x4ca59498,0x4ca80000)
  to   space 54016K, 0% used [0x4db40000,0x4db40000,0x51000000)
 ParOldGen       total 251904K, used 146005K [0x11000000, 0x20600000, 0x3bac0000)
  object space 251904K, 57% used [0x11000000,0x19e95588,0x20600000)
 Metaspace       used 60649K, capacity 62412K, committed 62464K, reserved 62848K
}
Event: 284.094 GC heap before
{Heap before GC invocations=58 (full 6):
 PSYoungGen      total 278272K, used 257535K [0x3bac0000, 0x51000000, 0x51000000)
  eden space 245504K, 91% used [0x3bac0000,0x49666988,0x4aa80000)
  from space 32768K, 99% used [0x4aa80000,0x4ca59498,0x4ca80000)
  to   space 54016K, 0% used [0x4db40000,0x4db40000,0x51000000)
 ParOldGen       total 251904K, used 146005K [0x11000000, 0x20600000, 0x3bac0000)
  object space 251904K, 57% used [0x11000000,0x19e95588,0x20600000)
 Metaspace       used 61337K, capacity 63202K, committed 63232K, reserved 63872K
Event: 284.141 GC heap after
Heap after GC invocations=58 (full 6):
 PSYoungGen      total 297984K, used 13956K [0x3bac0000, 0x51000000, 0x51000000)
  eden space 243968K, 0% used [0x3bac0000,0x3bac0000,0x4a900000)
  from space 54016K, 25% used [0x4db40000,0x4e8e1280,0x51000000)
  to   space 51456K, 0% used [0x4a900000,0x4a900000,0x4db40000)
 ParOldGen       total 251904K, used 153253K [0x11000000, 0x20600000, 0x3bac0000)
  object space 251904K, 60% used [0x11000000,0x1a5a9750,0x20600000)
 Metaspace       used 61337K, capacity 63202K, committed 63232K, reserved 63872K
}
Event: 293.810 GC heap before
{Heap before GC invocations=59 (full 6):
 PSYoungGen      total 297984K, used 222426K [0x3bac0000, 0x51000000, 0x51000000)
  eden space 243968K, 85% used [0x3bac0000,0x486558d0,0x4a900000)
  from space 54016K, 25% used [0x4db40000,0x4e8e1280,0x51000000)
  to   space 51456K, 0% used [0x4a900000,0x4a900000,0x4db40000)
 ParOldGen       total 251904K, used 153253K [0x11000000, 0x20600000, 0x3bac0000)
  object space 251904K, 60% used [0x11000000,0x1a5a9750,0x20600000)
 Metaspace       used 61339K, capacity 63202K, committed 63232K, reserved 63872K
Event: 293.855 GC heap after
Heap after GC invocations=59 (full 6):
 PSYoungGen      total 280320K, used 36247K [0x3bac0000, 0x51000000, 0x51000000)
  eden space 243968K, 0% used [0x3bac0000,0x3bac0000,0x4a900000)
  from space 36352K, 99% used [0x4a900000,0x4cc65f70,0x4cc80000)
  to   space 54784K, 0% used [0x4da80000,0x4da80000,0x51000000)
 ParOldGen       total 251904K, used 172664K [0x11000000, 0x20600000, 0x3bac0000)
  object space 251904K, 68% used [0x11000000,0x1b89e388,0x20600000)
 Metaspace       used 61339K, capacity 63202K, committed 63232K, reserved 63872K
}

